IQ-TREE version 3.0.1 for MacOS ARM 64-bit built Sep 23 2025
Developed by Bui Quang Minh, Thomas Wong, Nhan Ly-Trong, Huaiyan Ren
Contributed by Lam-Tung Nguyen, Dominik Schrempf, Chris Bielow,
Olga Chernomor, Michael Woodhams, Diep Thi Hoang, Heiko Schmidt

Host:    cecs-083856 (SSE4.2, 18 GB RAM)
Command: /Users/u7826985/Projects/GPU-utest/iqtree3/cmake-build-vanila/iqtree3 --alisim alignment_1000000 -t tree_10.full.treefile -m JC --length 1000000 --redo
Seed:    926618 (Using SPRNG - Scalable Parallel Random Number Generator)
Time:    Mon Sep 29 12:12:16 2025
Kernel:  SSE2 - 1 threads (11 CPU cores detected)

[Alignment Simulator] Executing
 - Tree filepath: tree_10.full.treefile
 - Length of output sequences: 1000000
 - Model: JC
 - Number of output datasets: 1
 - Number of threads: 1
SUBSTITUTION PROCESS
--------------------

Model of substitution: JC

Rate parameter R:

  A-C: 1.000
  A-G: 1.000
  A-T: 1.000
  C-G: 1.000
  C-T: 1.000
  G-T: 1.000

State frequencies: (equal frequencies)

Rate matrix Q:

  A        -1     0.333     0.333     0.333
  C     0.333        -1     0.333     0.333
  G     0.333     0.333        -1     0.333
  T     0.333     0.333     0.333        -1

Model of rate heterogeneity: Uniform

An alignment written to alignment_1000000.phy
Screen log file: tree_10.full.treefile.log
[Alignment Simulator] Done
Simulation CPU time: 3.755 sec (0h:0m:3s)
Simulation wall-clock time: 3.828 sec (0h:0m:3s)

Date and Time: Mon Sep 29 12:12:20 2025
